<?xml version="1.0" encoding="UTF-8"?>
<!-- Generated by org.testng.reporters.JUnitReportReporter -->
<testsuite hostname="khadija" failures="1" tests="1" name="stepdefs.Runner.CucumberRunnerClass" time="0.132" errors="0" timestamp="2023-05-11T09:11:44 IST" skipped="0">
  <testcase classname="stepdefs.Runner.CucumberRunnerClass" name="runScenario" time="0.132">
    <failure message="expected [false] but found [true]" type="java.lang.AssertionError">
      <![CDATA[java.lang.AssertionError: expected [false] but found [true]
at org.testng.Assert.fail(Assert.java:110)
at org.testng.Assert.failNotEquals(Assert.java:1577)
at org.testng.Assert.assertFalse(Assert.java:78)
at org.testng.Assert.assertFalse(Assert.java:88)
at stepdefs.LoginStepDefs.user_visit_to_login_page(LoginStepDefs.java:13)
at âœ½.user visit to login page(file:///C:/eclipseworkspace_morning_batch/mavenproject/src/test/resources/features/login.feature:5)
]]>
    </failure>
  </testcase> <!-- runScenario -->
  <system-out/>
</testsuite> <!-- stepdefs.Runner.CucumberRunnerClass -->
