<?xml version="1.0" encoding="UTF-8"?>
<!-- Generated by org.testng.reporters.JUnitXMLReporter -->
<testsuite ignored="0" hostname="khadija" failures="1" tests="25" name="Test" time="12.518" errors="0" timestamp="2023-05-05T09:15:29 IST">
  <testcase classname="testng.OnLineRetailsApps" name="@BeforeClass setup" time="0.018">
    <failure type="java.lang.NullPointerException" message="null value in entry: url=null">
      <![CDATA[java.lang.NullPointerException: null value in entry: url=null
at com.google.common.collect.CollectPreconditions.checkEntryNotNull(CollectPreconditions.java:33)
at com.google.common.collect.SingletonImmutableBiMap.<init>(SingletonImmutableBiMap.java:43)
at com.google.common.collect.ImmutableBiMap.of(ImmutableBiMap.java:81)
at com.google.common.collect.ImmutableMap.of(ImmutableMap.java:128)
at org.openqa.selenium.remote.DriverCommand.GET(DriverCommand.java:191)
at org.openqa.selenium.remote.RemoteWebDriver.get(RemoteWebDriver.java:297)
at testng.OnLineRetailsApps.setup(OnLineRetailsApps.java:39)
at java.base/java.util.concurrent.ThreadPoolExecutor.runWorker(ThreadPoolExecutor.java:1128)
at java.base/java.util.concurrent.ThreadPoolExecutor$Worker.run(ThreadPoolExecutor.java:628)
at java.base/java.lang.Thread.run(Thread.java:834)
... Removed 10 stack frames]]>
    </failure>
  </testcase> <!-- @BeforeClass setup -->
  <testcase classname="testng.OnLineRetailsApps" name="login_test" time="0.0">
    <skipped/>
  </testcase> <!-- login_test -->
  <testcase classname="testng.TestNG_Example" name="my_log" time="0.006"/>
  <testcase classname="testng.Thread_Count_Example" name="Login_Test" time="0.008"/>
  <testcase classname="test_case.TestNGExample" name="Dashboard" time="0.004"/>
  <testcase classname="testng.Depends_Group_TestNG_Example" name="ComposeMail" time="0.005"/>
  <testcase classname="testng.Thread_Count_Example" name="Login_Test" time="0.004"/>
  <testcase classname="testng.TestNG_Example_Annotations" name="test" time="0.003"/>
  <testcase classname="test_case.TestNGExample" name="Method1" time="0.003"/>
  <testcase classname="testng.TestNG_Example" name="my_login" time="0.006"/>
  <testcase classname="testng.Thread_Count_Example" name="Login_Test" time="0.003"/>
  <testcase classname="test_case.TestNGExample" name="Method1" time="0.001"/>
  <testcase classname="testng.Thread_Count_Example" name="Login_Test" time="0.002"/>
  <testcase classname="testng.Depends_Group_TestNG_Example" name="DeleteMail" time="0.002"/>
  <testcase classname="testng.TestNG_Example" name="test" time="0.001"/>
  <testcase classname="test_case.TestNGExample" name="Method1" time="0.001"/>
  <testcase classname="testng.TestNG_Example_Annotations" name="test1" time="0.004"/>
  <testcase classname="testng.Thread_Count_Example" name="Login_Test" time="0.001"/>
  <testcase classname="test_case.TestNGExample" name="Method2" time="0.003"/>
  <testcase classname="testng.Depends_Group_TestNG_Example" name="FeedBacckMail" time="0.004"/>
  <testcase classname="testng.Thread_Count_Example" name="Login_Test_Not_run" time="0.003">
    <skipped/>
  </testcase> <!-- Login_Test_Not_run -->
  <testcase classname="testng.Depends_Group_TestNG_Example" name="ReadMail" time="0.002"/>
  <testcase classname="testng.Depends_Group_TestNG_Example" name="Login" time="0.001"/>
  <testcase classname="testng.TestNG_Example" name="test1" time="0.026">
    <failure type="java.lang.AssertionError" message="expected [false] but found [true]">
      <![CDATA[java.lang.AssertionError: expected [false] but found [true]
at testng.TestNG_Example.test1(TestNG_Example.java:28)
at java.base/java.util.concurrent.ThreadPoolExecutor.runWorker(ThreadPoolExecutor.java:1128)
at java.base/java.util.concurrent.ThreadPoolExecutor$Worker.run(ThreadPoolExecutor.java:628)
at java.base/java.lang.Thread.run(Thread.java:834)
... Removed 16 stack frames]]>
    </failure>
  </testcase> <!-- test1 -->
  <testcase classname="testng.TestNG_Example" name="test3" time="0.002">
    <skipped/>
  </testcase> <!-- test3 -->
  <testcase classname="test_case.SimpleTestCase" name="testClcik" time="10.115"/>
</testsuite> <!-- Test -->
