<html>
<head>
<title>TestNG:  Default test</title>
<link href="../testng.css" rel="stylesheet" type="text/css" />
<link href="../my-testng.css" rel="stylesheet" type="text/css" />

<style type="text/css">
.log { display: none;} 
.stack-trace { display: none;} 
</style>
<script type="text/javascript">
<!--
function flip(e) {
  current = e.style.display;
  if (current == 'block') {
    e.style.display = 'none';
    return 0;
  }
  else {
    e.style.display = 'block';
    return 1;
  }
}

function toggleBox(szDivId, elem, msg1, msg2)
{
  var res = -1;  if (document.getElementById) {
    res = flip(document.getElementById(szDivId));
  }
  else if (document.all) {
    // this is the way old msie versions work
    res = flip(document.all[szDivId]);
  }
  if(elem) {
    if(res == 0) elem.innerHTML = msg1; else elem.innerHTML = msg2;
  }

}

function toggleAllBoxes() {
  if (document.getElementsByTagName) {
    d = document.getElementsByTagName('div');
    for (i = 0; i < d.length; i++) {
      if (d[i].className == 'log') {
        flip(d[i]);
      }
    }
  }
}

// -->
</script>

</head>
<body>
<h2 align='center'>Default test</h2><table border='1' align="center">
<tr>
<td>Tests passed/Failed/Skipped:</td><td>0/1/0</td>
</tr><tr>
<td>Started on:</td><td>Sat May 20 18:06:59 IST 2023</td>
</tr>
<tr><td>Total time:</td><td>12 seconds (12303 ms)</td>
</tr><tr>
<td>Included groups:</td><td></td>
</tr><tr>
<td>Excluded groups:</td><td></td>
</tr>
</table><p/>
<small><i>(Hover the method name to see the test class name)</i></small><p/>
<table width='100%' border='1' class='invocation-failed'>
<tr><td colspan='4' align='center'><b>FAILED TESTS</b></td></tr>
<tr><td><b>Test method</b></td>
<td width="30%"><b>Exception</b></td>
<td width="10%"><b>Time (seconds)</b></td>
<td><b>Instance</b></td>
</tr>
<tr>
<td title='com.example.runner.Runner.runScenario()'><b>runScenario</b><br>Test class: com.example.runner.Runner<br>Test method: Runs Cucumber Scenarios<br>Parameters: "Home Page Activity", "Home Page"</td>
<td><div><pre>java.lang.AssertionError: expected [Get started with nopCommerce - nopCommerce123] but found [Get started with nopCommerce - nopCommerce]
	at org.testng.Assert.fail(Assert.java:99)
	at org.testng.Assert.failNotEquals(Assert.java:1037)
	at org.testng.Assert.assertEqualsImpl(Assert.java:140)
	at org.testng.Assert.assertEquals(Assert.java:122)
	at org.testng.Assert.assertEquals(Assert.java:629)
	at org.testng.Assert.assertEquals(Assert.java:639)
	at pages.HomePage.validateGetStartPageTitle(HomePage.java:48)
	at com.example.stepdefs.NoCommSteps.verify_the_title_of_the_page(NoCommSteps.java:23)
	at ✽.verify the title of the page(file:///C:/eclipseworkspace_morning_batch/mavenproject/src/test/resources/features/home.feature:8)
</pre></div><a href='#' onClick='toggleBox("stack-trace1096648926", this, "Click to show all stack frames", "Click to hide stack frames")'>Click to show all stack frames</a>
<div class='stack-trace' id='stack-trace1096648926'><pre>java.lang.AssertionError: expected [Get started with nopCommerce - nopCommerce123] but found [Get started with nopCommerce - nopCommerce]
	at org.testng.Assert.fail(Assert.java:99)
	at org.testng.Assert.failNotEquals(Assert.java:1037)
	at org.testng.Assert.assertEqualsImpl(Assert.java:140)
	at org.testng.Assert.assertEquals(Assert.java:122)
	at org.testng.Assert.assertEquals(Assert.java:629)
	at org.testng.Assert.assertEquals(Assert.java:639)
	at pages.HomePage.validateGetStartPageTitle(HomePage.java:48)
	at com.example.stepdefs.NoCommSteps.verify_the_title_of_the_page(NoCommSteps.java:23)
	at ✽.verify the title of the page(file:///C:/eclipseworkspace_morning_batch/mavenproject/src/test/resources/features/home.feature:8)
</pre></div></td>
<td>8</td>
<td>com.example.runner.Runner@7674f035</td></tr>
</table><p>
</body>
</html>